<?xml version="1.0" encoding="utf-8"?><testsuites name="pytest tests"><testsuite name="pytest" errors="0" failures="0" skipped="0" tests="20" time="8.613" timestamp="2026-07-02T13:17:07.738565+00:00" hostname="agent-env-b4df238c-6099-4695-92d5-f40b474289d2"><testcase classname="tests.backend_test.TestBooks" name="test_trending_returns_8" time="0.138" /><testcase classname="tests.backend_test.TestBooks" name="test_list_books_limit_40" time="0.036" /><testcase classname="tests.backend_test.TestShare" name="test_create_share_returns_ids_and_urls" time="0.147" /><testcase classname="tests.backend_test.TestShare" name="test_get_share_metadata_and_increments_views" time="0.154" /><testcase classname="tests.backend_test.TestBooks" name="test_list_books_default" time="0.032" /><testcase classname="tests.backend_test.TestBooks" name="test_list_books_filter_category_fantasy" time="0.035" /><testcase classname="tests.backend_test.TestBooks" name="test_list_books_filter_collection_editors_picks" time="0.032" /><testcase classname="tests.backend_test.TestBooks" name="test_get_book_by_id" time="0.073" /><testcase classname="tests.backend_test.TestShare" name="test_get_share_cover_returns_image" time="0.079" /><testcase classname="tests.backend_test.TestBooks" name="test_get_book_b40" time="0.074" /><testcase classname="tests.backend_test.TestShare" name="test_get_share_page_has_og_tags" time="0.077" /><testcase classname="tests.backend_test.TestBooks" name="test_get_book_not_found" time="0.074" /><testcase classname="tests.backend_test.TestShare" name="test_get_share_nonexistent" time="0.075" /><testcase classname="tests.backend_test.TestNewsletter" name="test_newsletter_valid_email" time="0.077" /><testcase classname="tests.backend_test.TestShare" name="test_get_share_cover_nonexistent" time="0.074" /><testcase classname="tests.backend_test.TestNewsletter" name="test_newsletter_invalid_email" time="0.076" /><testcase classname="tests.backend_test.TestShare" name="test_get_share_page_nonexistent" time="0.073" /><testcase classname="tests.backend_test.TestHealth" name="test_root" time="0.073" /><testcase classname="tests.backend_test.TestCategories" name="test_categories_returns_9" time="0.076" /><testcase classname="tests.backend_test.TestAIRecommend" name="test_recommend_fantasy" time="7.530" /></testsuite></testsuites>