<?xml version="1.0" encoding="utf-8"?><testsuites name="pytest tests"><testsuite name="pytest" errors="0" failures="0" skipped="0" tests="16" time="71.927" timestamp="2026-07-02T13:50:21.067586+00:00" hostname="agent-env-b4df238c-6099-4695-92d5-f40b474289d2"><testcase classname="tests.test_auth_and_share.TestAuthCore" name="test_register_success_sets_cookies" time="0.372" /><testcase classname="tests.test_auth_and_share.TestCatalogRegressions" name="test_books_limit_40" time="0.327" /><testcase classname="tests.test_auth_and_share.TestCatalogRegressions" name="test_trending_returns_6" time="0.068" /><testcase classname="tests.test_auth_and_share.TestAuthCore" name="test_register_duplicate_returns_409" time="0.423" /><testcase classname="tests.test_auth_and_share.TestCatalogRegressions" name="test_categories_returns_8" time="0.038" /><testcase classname="tests.test_auth_and_share.TestCatalogRegressions" name="test_all_covers_reachable" time="70.838" /><testcase classname="tests.test_auth_and_share.TestAuthCore" name="test_admin_login_success" time="0.565" /><testcase classname="tests.test_auth_and_share.TestAuthCore" name="test_admin_login_wrong_password_401" time="0.257" /><testcase classname="tests.test_auth_and_share.TestAuthCore" name="test_me_without_cookie_401" time="0.089" /><testcase classname="tests.test_auth_and_share.TestAuthCore" name="test_refresh_issues_new_access_token" time="1.620" /><testcase classname="tests.test_auth_and_share.TestAccountState" name="test_state_get_and_put_roundtrip" time="0.520" /><testcase classname="tests.test_auth_and_share.TestAccountState" name="test_state_requires_auth" time="0.102" /><testcase classname="tests.test_auth_and_share.TestBruteForce" name="test_5_failed_logins_return_429" time="1.959" /><testcase classname="tests.test_auth_and_share.TestShareValidation" name="test_share_rejects_gif_mime" time="0.169" /><testcase classname="tests.test_auth_and_share.TestShareValidation" name="test_share_rejects_invalid_base64" time="0.072" /><testcase classname="tests.test_auth_and_share.TestShareValidation" name="test_share_accepts_valid_png" time="0.076" /></testsuite></testsuites>